<?xml version="1.0" encoding="UTF-8"?>
<!-- Generated by org.testng.reporters.JUnitXMLReporter -->
<testsuite ignored="0" hostname="Mayank-PL" failures="1" tests="11" name="XYZ Bank App Test Cases" time="259.136" errors="0" timestamp="07 Mar 2024 18:08:25 GMT">
  <testcase classname="com.xyz.qa.testcases.LoginPageTest" name="customerLoginTest" time="1.633"/>
  <testcase classname="com.xyz.qa.testcases.LoginPageTest" name="loginPageTitleTest" time="0.011"/>
  <testcase classname="com.xyz.qa.testcases.CustomerAccountPageTest" name="verifyCustomerAccountDetails" time="1.422"/>
  <testcase classname="com.xyz.qa.testcases.TransactionPageTest" name="depositWithdrawAndVerifyTransactions" time="1.824"/>
  <testcase classname="com.xyz.qa.testcases.DepositPageTest" name="depositAmountAndVerifyTransaction" time="1.754"/>
  <testcase classname="com.xyz.qa.testcases.WithdrawPageTest" name="withdrawAmount" time="2.01"/>
  <testcase classname="com.xyz.qa.testcases.ManagerAddCustomerPageTest" name="verifyAddCustomerAlertMessage" time="7.879"/>
  <testcase classname="com.xyz.qa.testcases.ManagerAddCustomerPageTest" name="verifyInvalidAddCustomerAlertMessage" time="2.997">
    <failure type="java.lang.AssertionError" message="expected [true] but found [false]">
      <![CDATA[java.lang.AssertionError: expected [true] but found [false]
	at com.xyz.qa.testcases.ManagerAddCustomerPageTest.verifyInvalidAddCustomerAlertMessage(ManagerAddCustomerPageTest.java:71)
... Removed 29 stack frames]]>
    </failure>
  </testcase> <!-- verifyInvalidAddCustomerAlertMessage -->
  <testcase classname="com.xyz.qa.testcases.ManagerOpenAccountPageTest" name="verifyOpenAccountAlertMessages" time="5.396"/>
  <testcase classname="com.xyz.qa.testcases.ManagerCustomersPageTest" name="verifyCustomerDetailsAndDelete" time="8.422"/>
  <testcase classname="com.xyz.qa.testcases.LoginPageTest" name="loginTest" time="6.87"/>
</testsuite> <!-- XYZ Bank App Test Cases -->
